<?xml version="1.0" encoding="UTF-8"?>
<testsuite xmlns:xsi="http://www.w3.org/2001/XMLSchema-instance" xsi:noNamespaceSchemaLocation="https://maven.apache.org/surefire/maven-surefire-plugin/xsd/surefire-test-report-3.0.xsd" version="3.0" name="in.StarAgile.AppTest" time="0.058" tests="1" errors="0" skipped="0" failures="0">
  <properties>
    <property name="java.specification.version" value="21"/>
    <property name="sun.cpu.isalist" value="amd64"/>
    <property name="sun.jnu.encoding" value="Cp1252"/>
    <property name="java.class.path" value="D:\StarAgile\Maven Projects\Netflix\target\test-classes;D:\StarAgile\Maven Projects\Netflix\target\classes;C:\Users\Vikram\.m2\repository\junit\junit\3.8.1\junit-3.8.1.jar;C:\Users\Vikram\.m2\repository\com\github\skydoves\sandwich\2.0.10\sandwich-2.0.10.jar;C:\Users\Vikram\.m2\repository\org\jetbrains\kotlin\kotlin-stdlib\2.0.21\kotlin-stdlib-2.0.21.jar;C:\Users\Vikram\.m2\repository\org\jetbrains\annotations\13.0\annotations-13.0.jar;C:\Users\Vikram\.m2\repository\org\jetbrains\kotlinx\kotlinx-coroutines-core\1.9.0\kotlinx-coroutines-core-1.9.0.jar;C:\Users\Vikram\.m2\repository\org\jetbrains\kotlinx\kotlinx-coroutines-core-jvm\1.9.0\kotlinx-coroutines-core-jvm-1.9.0.jar;C:\Users\Vikram\.m2\repository\com\squareup\okio\okio\3.9.1\okio-3.9.1.jar;C:\Users\Vikram\.m2\repository\com\squareup\okio\okio-jvm\3.9.1\okio-jvm-3.9.1.jar;"/>
    <property name="java.vm.vendor" value="Oracle Corporation"/>
    <property name="sun.arch.data.model" value="64"/>
    <property name="user.variant" value=""/>
    <property name="java.vendor.url" value="https://java.oracle.com/"/>
    <property name="user.timezone" value="Asia/Calcutta"/>
    <property name="user.country.format" value="001"/>
    <property name="os.name" value="Windows 11"/>
    <property name="java.vm.specification.version" value="21"/>
    <property name="sun.java.launcher" value="SUN_STANDARD"/>
    <property name="user.country" value="US"/>
    <property name="sun.boot.library.path" value="C:\Program Files\Java\jdk-21\bin"/>
    <property name="sun.java.command" value="C:\Users\Vikram\AppData\Local\Temp\surefire14515383823893732457\surefirebooter-20241014142145438_3.jar C:\Users\Vikram\AppData\Local\Temp\surefire14515383823893732457 2024-10-14T14-21-45_083-jvmRun1 surefire-20241014142145438_1tmp surefire_0-20241014142145438_2tmp"/>
    <property name="jdk.debug" value="release"/>
    <property name="surefire.test.class.path" value="D:\StarAgile\Maven Projects\Netflix\target\test-classes;D:\StarAgile\Maven Projects\Netflix\target\classes;C:\Users\Vikram\.m2\repository\junit\junit\3.8.1\junit-3.8.1.jar;C:\Users\Vikram\.m2\repository\com\github\skydoves\sandwich\2.0.10\sandwich-2.0.10.jar;C:\Users\Vikram\.m2\repository\org\jetbrains\kotlin\kotlin-stdlib\2.0.21\kotlin-stdlib-2.0.21.jar;C:\Users\Vikram\.m2\repository\org\jetbrains\annotations\13.0\annotations-13.0.jar;C:\Users\Vikram\.m2\repository\org\jetbrains\kotlinx\kotlinx-coroutines-core\1.9.0\kotlinx-coroutines-core-1.9.0.jar;C:\Users\Vikram\.m2\repository\org\jetbrains\kotlinx\kotlinx-coroutines-core-jvm\1.9.0\kotlinx-coroutines-core-jvm-1.9.0.jar;C:\Users\Vikram\.m2\repository\com\squareup\okio\okio\3.9.1\okio-3.9.1.jar;C:\Users\Vikram\.m2\repository\com\squareup\okio\okio-jvm\3.9.1\okio-jvm-3.9.1.jar;"/>
    <property name="sun.cpu.endian" value="little"/>
    <property name="user.home" value="C:\Users\Vikram"/>
    <property name="user.language" value="en"/>
    <property name="java.specification.vendor" value="Oracle Corporation"/>
    <property name="java.version.date" value="2024-07-16"/>
    <property name="java.home" value="C:\Program Files\Java\jdk-21"/>
    <property name="file.separator" value="\"/>
    <property name="basedir" value="D:\StarAgile\Maven Projects\Netflix"/>
    <property name="java.vm.compressedOopsMode" value="32-bit"/>
    <property name="line.separator" value="&#10;"/>
    <property name="java.vm.specification.vendor" value="Oracle Corporation"/>
    <property name="java.specification.name" value="Java Platform API Specification"/>
    <property name="surefire.real.class.path" value="C:\Users\Vikram\AppData\Local\Temp\surefire14515383823893732457\surefirebooter-20241014142145438_3.jar"/>
    <property name="user.script" value=""/>
    <property name="sun.management.compiler" value="HotSpot 64-Bit Tiered Compilers"/>
    <property name="java.runtime.version" value="21.0.4+8-LTS-274"/>
    <property name="user.name" value="Vikram"/>
    <property name="stdout.encoding" value="Cp1252"/>
    <property name="path.separator" value=";"/>
    <property name="os.version" value="10.0"/>
    <property name="java.runtime.name" value="Java(TM) SE Runtime Environment"/>
    <property name="file.encoding" value="UTF-8"/>
    <property name="java.vm.name" value="Java HotSpot(TM) 64-Bit Server VM"/>
    <property name="localRepository" value="C:\Users\Vikram\.m2\repository"/>
    <property name="java.vendor.url.bug" value="https://bugreport.java.com/bugreport/"/>
    <property name="java.io.tmpdir" value="C:\Users\Vikram\AppData\Local\Temp\"/>
    <property name="java.version" value="21.0.4"/>
    <property name="user.dir" value="D:\StarAgile\Maven Projects\Netflix"/>
    <property name="os.arch" value="amd64"/>
    <property name="java.vm.specification.name" value="Java Virtual Machine Specification"/>
    <property name="sun.os.patch.level" value=""/>
    <property name="native.encoding" value="Cp1252"/>
    <property name="java.library.path" value="C:\Program Files\Java\jdk-21\bin;C:\WINDOWS\Sun\Java\bin;C:\WINDOWS\system32;C:\WINDOWS;C:\Program Files\Common Files\Oracle\Java\javapath;C:\WINDOWS\system32;C:\WINDOWS;C:\WINDOWS\System32\Wbem;C:\WINDOWS\System32\WindowsPowerShell\v1.0\;C:\WINDOWS\System32\OpenSSH\;C:\ProgramData\chocolatey\bin;C:\Program Files\nodejs\;C:\Program Files\dotnet\;C:\Program Files\Git\cmd;C:\Program Files\Java\jdk-21\bin;C:\apache-maven-3.9.9-bin\apache-maven-3.9.9\bin;C:\Users\Vikram\AppData\Local\Android\Sdk\platform-tools;C:\Users\Vikram\AppData\Local\Android\Sdk\tools;C:\Users\Vikram\AppData\Local\jdk-11.0.2\bin;C:\Users\Vikram\AppData\Local\Android\Sdk\platform-tools;C:\Users\Vikram\AppData\Local\Android\Sdk\tools;C:\Users\Vikram\AppData\Local\jdk-11.0.2\bin;C:\Users\Vikram\AppData\Local\Microsoft\WindowsApps;C:\Program Files\Azure Data Studio\bin;C:\Users\Vikram\AppData\Local\Programs\Microsoft VS Code\bin;C:\development\flutter\bin;C:\Users\Vikram\AppData\Roaming\npm;C:\Users\Vikram;;."/>
    <property name="java.vm.info" value="mixed mode, sharing"/>
    <property name="stderr.encoding" value="Cp1252"/>
    <property name="java.vendor" value="Oracle Corporation"/>
    <property name="java.vm.version" value="21.0.4+8-LTS-274"/>
    <property name="sun.io.unicode.encoding" value="UnicodeLittle"/>
    <property name="java.class.version" value="65.0"/>
  </properties>
  <testcase name="testApp" classname="in.StarAgile.AppTest" time="0.008"/>
</testsuite>